<?xml version="1.0" encoding="UTF-8"?>
<testng-results total="46" passed="46" failed="0" skipped="0">
  <reporter-output>
  </reporter-output>
  <suite started-at="2018-09-13T09:15:16Z" name="Suite1" finished-at="2018-09-13T09:15:16Z" duration-ms="248">
    <groups>
      <group name="1">
        <method signature="testNgTests.integer(java.lang.String, java.lang.String)[pri:0, instance:testNgTests@2b662a77]" name="integer" class="testNgTests"/>
        <method signature="testNgTests.shortTest(java.lang.String, java.lang.String)[pri:0, instance:testNgTests@2b662a77]" name="shortTest" class="testNgTests"/>
        <method signature="testNgTests.zero(java.lang.String, java.lang.String)[pri:0, instance:testNgTests@2b662a77]" name="zero" class="testNgTests"/>
      </group> <!-- 1 -->
      <group name="2">
        <method signature="testNgTests.exponentFormate(java.lang.String, java.lang.String)[pri:0, instance:testNgTests@2b662a77]" name="exponentFormate" class="testNgTests"/>
        <method signature="testNgTests.floatFormate(java.lang.String, java.lang.String)[pri:0, instance:testNgTests@2b662a77]" name="floatFormate" class="testNgTests"/>
        <method signature="testNgTests.incorrectFormate(java.lang.String)[pri:0, instance:testNgTests@2b662a77]" name="incorrectFormate" class="testNgTests"/>
      </group> <!-- 2 -->
      <group name="3">
        <method signature="testNgTests.extrimeValues(java.lang.String, java.lang.String)[pri:0, instance:testNgTests@2b662a77]" name="extrimeValues" class="testNgTests"/>
        <method signature="testNgTests.negative(java.lang.String, java.lang.String)[pri:0, instance:testNgTests@2b662a77]" name="negative" class="testNgTests"/>
      </group> <!-- 3 -->
    </groups>
    <test started-at="2018-09-13T09:15:16Z" name="test1" finished-at="2018-09-13T09:15:16Z" duration-ms="31">
      <class name="testNgTests">
        <test-method signature="exponentFormate(java.lang.String, java.lang.String)[pri:0, instance:testNgTests@2b662a77]" started-at="2018-09-13T12:15:16Z" name="exponentFormate" data-provider="exponentFormate" finished-at="2018-09-13T12:15:16Z" duration-ms="7" status="PASS">
          <params>
            <param index="0">
              <value>
                <![CDATA[1e1]]>
              </value>
            </param>
            <param index="1">
              <value>
                <![CDATA[0.1]]>
              </value>
            </param>
          </params>
          <reporter-output>
          </reporter-output>
        </test-method> <!-- exponentFormate -->
        <test-method signature="exponentFormate(java.lang.String, java.lang.String)[pri:0, instance:testNgTests@2b662a77]" started-at="2018-09-13T12:15:16Z" name="exponentFormate" data-provider="exponentFormate" finished-at="2018-09-13T12:15:16Z" duration-ms="0" status="PASS">
          <params>
            <param index="0">
              <value>
                <![CDATA[1E1]]>
              </value>
            </param>
            <param index="1">
              <value>
                <![CDATA[0.1]]>
              </value>
            </param>
          </params>
          <reporter-output>
          </reporter-output>
        </test-method> <!-- exponentFormate -->
        <test-method signature="exponentFormate(java.lang.String, java.lang.String)[pri:0, instance:testNgTests@2b662a77]" started-at="2018-09-13T12:15:16Z" name="exponentFormate" data-provider="exponentFormate" finished-at="2018-09-13T12:15:16Z" duration-ms="0" status="PASS">
          <params>
            <param index="0">
              <value>
                <![CDATA[1.0E10]]>
              </value>
            </param>
            <param index="1">
              <value>
                <![CDATA[1.0E-10]]>
              </value>
            </param>
          </params>
          <reporter-output>
          </reporter-output>
        </test-method> <!-- exponentFormate -->
        <test-method signature="exponentFormate(java.lang.String, java.lang.String)[pri:0, instance:testNgTests@2b662a77]" started-at="2018-09-13T12:15:16Z" name="exponentFormate" data-provider="exponentFormate" finished-at="2018-09-13T12:15:16Z" duration-ms="0" status="PASS">
          <params>
            <param index="0">
              <value>
                <![CDATA[1.0E-100]]>
              </value>
            </param>
            <param index="1">
              <value>
                <![CDATA[1.0E100]]>
              </value>
            </param>
          </params>
          <reporter-output>
          </reporter-output>
        </test-method> <!-- exponentFormate -->
        <test-method signature="exponentFormate(java.lang.String, java.lang.String)[pri:0, instance:testNgTests@2b662a77]" started-at="2018-09-13T12:15:16Z" name="exponentFormate" data-provider="exponentFormate" finished-at="2018-09-13T12:15:16Z" duration-ms="0" status="PASS">
          <params>
            <param index="0">
              <value>
                <![CDATA[1E01]]>
              </value>
            </param>
            <param index="1">
              <value>
                <![CDATA[0.1]]>
              </value>
            </param>
          </params>
          <reporter-output>
          </reporter-output>
        </test-method> <!-- exponentFormate -->
        <test-method signature="extrimeValues(java.lang.String, java.lang.String)[pri:0, instance:testNgTests@2b662a77]" started-at="2018-09-13T12:15:16Z" name="extrimeValues" data-provider="extrimeValues" finished-at="2018-09-13T12:15:16Z" duration-ms="0" status="PASS">
          <params>
            <param index="0">
              <value>
                <![CDATA[1.0E1000]]>
              </value>
            </param>
            <param index="1">
              <value>
                <![CDATA[0.0]]>
              </value>
            </param>
          </params>
          <reporter-output>
          </reporter-output>
        </test-method> <!-- extrimeValues -->
        <test-method signature="extrimeValues(java.lang.String, java.lang.String)[pri:0, instance:testNgTests@2b662a77]" started-at="2018-09-13T12:15:16Z" name="extrimeValues" data-provider="extrimeValues" finished-at="2018-09-13T12:15:16Z" duration-ms="0" status="PASS">
          <params>
            <param index="0">
              <value>
                <![CDATA[1.0E-1000]]>
              </value>
            </param>
            <param index="1">
              <value>
                <![CDATA[Infinity]]>
              </value>
            </param>
          </params>
          <reporter-output>
          </reporter-output>
        </test-method> <!-- extrimeValues -->
        <test-method signature="extrimeValues(java.lang.String, java.lang.String)[pri:0, instance:testNgTests@2b662a77]" started-at="2018-09-13T12:15:16Z" name="extrimeValues" data-provider="extrimeValues" finished-at="2018-09-13T12:15:16Z" duration-ms="0" status="PASS">
          <params>
            <param index="0">
              <value>
                <![CDATA[1.0E308]]>
              </value>
            </param>
            <param index="1">
              <value>
                <![CDATA[1.0E-308]]>
              </value>
            </param>
          </params>
          <reporter-output>
          </reporter-output>
        </test-method> <!-- extrimeValues -->
        <test-method signature="extrimeValues(java.lang.String, java.lang.String)[pri:0, instance:testNgTests@2b662a77]" started-at="2018-09-13T12:15:16Z" name="extrimeValues" data-provider="extrimeValues" finished-at="2018-09-13T12:15:16Z" duration-ms="0" status="PASS">
          <params>
            <param index="0">
              <value>
                <![CDATA[1.0E309]]>
              </value>
            </param>
            <param index="1">
              <value>
                <![CDATA[0.0]]>
              </value>
            </param>
          </params>
          <reporter-output>
          </reporter-output>
        </test-method> <!-- extrimeValues -->
        <test-method signature="floatFormate(java.lang.String, java.lang.String)[pri:0, instance:testNgTests@2b662a77]" started-at="2018-09-13T12:15:16Z" name="floatFormate" data-provider="floatFormate" finished-at="2018-09-13T12:15:16Z" duration-ms="0" status="PASS">
          <params>
            <param index="0">
              <value>
                <![CDATA[.9]]>
              </value>
            </param>
            <param index="1">
              <value>
                <![CDATA[1.1111111111111112]]>
              </value>
            </param>
          </params>
          <reporter-output>
          </reporter-output>
        </test-method> <!-- floatFormate -->
        <test-method signature="extrimeValues(java.lang.String, java.lang.String)[pri:0, instance:testNgTests@2b662a77]" started-at="2018-09-13T12:15:16Z" name="extrimeValues" data-provider="extrimeValues" finished-at="2018-09-13T12:15:16Z" duration-ms="0" status="PASS">
          <params>
            <param index="0">
              <value>
                <![CDATA[-9.9e306]]>
              </value>
            </param>
            <param index="1">
              <value>
                <![CDATA[-1.01010101010101E-307]]>
              </value>
            </param>
          </params>
          <reporter-output>
          </reporter-output>
        </test-method> <!-- extrimeValues -->
        <test-method signature="floatFormate(java.lang.String, java.lang.String)[pri:0, instance:testNgTests@2b662a77]" started-at="2018-09-13T12:15:16Z" name="floatFormate" data-provider="floatFormate" finished-at="2018-09-13T12:15:16Z" duration-ms="0" status="PASS">
          <params>
            <param index="0">
              <value>
                <![CDATA[1.]]>
              </value>
            </param>
            <param index="1">
              <value>
                <![CDATA[1.0]]>
              </value>
            </param>
          </params>
          <reporter-output>
          </reporter-output>
        </test-method> <!-- floatFormate -->
        <test-method signature="incorrectFormate(java.lang.String)[pri:0, instance:testNgTests@2b662a77]" started-at="2018-09-13T12:15:16Z" name="incorrectFormate" data-provider="incorrectFormate" finished-at="2018-09-13T12:15:16Z" duration-ms="0" status="PASS">
          <params>
            <param index="0">
              <value>
                <![CDATA[]]>
              </value>
            </param>
          </params>
          <reporter-output>
          </reporter-output>
        </test-method> <!-- incorrectFormate -->
        <test-method signature="floatFormate(java.lang.String, java.lang.String)[pri:0, instance:testNgTests@2b662a77]" started-at="2018-09-13T12:15:16Z" name="floatFormate" data-provider="floatFormate" finished-at="2018-09-13T12:15:16Z" duration-ms="0" status="PASS">
          <params>
            <param index="0">
              <value>
                <![CDATA[9.9]]>
              </value>
            </param>
            <param index="1">
              <value>
                <![CDATA[0.10101010101010101]]>
              </value>
            </param>
          </params>
          <reporter-output>
          </reporter-output>
        </test-method> <!-- floatFormate -->
        <test-method signature="floatFormate(java.lang.String, java.lang.String)[pri:0, instance:testNgTests@2b662a77]" started-at="2018-09-13T12:15:16Z" name="floatFormate" data-provider="floatFormate" finished-at="2018-09-13T12:15:16Z" duration-ms="0" status="PASS">
          <params>
            <param index="0">
              <value>
                <![CDATA[0.0000000000001]]>
              </value>
            </param>
            <param index="1">
              <value>
                <![CDATA[1.0E13]]>
              </value>
            </param>
          </params>
          <reporter-output>
          </reporter-output>
        </test-method> <!-- floatFormate -->
        <test-method signature="incorrectFormate(java.lang.String)[pri:0, instance:testNgTests@2b662a77]" started-at="2018-09-13T12:15:16Z" name="incorrectFormate" data-provider="incorrectFormate" finished-at="2018-09-13T12:15:16Z" duration-ms="0" status="PASS">
          <params>
            <param index="0">
              <value>
                <![CDATA[!@#$%^&]]>
              </value>
            </param>
          </params>
          <reporter-output>
          </reporter-output>
        </test-method> <!-- incorrectFormate -->
        <test-method signature="incorrectFormate(java.lang.String)[pri:0, instance:testNgTests@2b662a77]" started-at="2018-09-13T12:15:16Z" name="incorrectFormate" data-provider="incorrectFormate" finished-at="2018-09-13T12:15:16Z" duration-ms="0" status="PASS">
          <params>
            <param index="0">
              <value>
                <![CDATA[_]]>
              </value>
            </param>
          </params>
          <reporter-output>
          </reporter-output>
        </test-method> <!-- incorrectFormate -->
        <test-method signature="incorrectFormate(java.lang.String)[pri:0, instance:testNgTests@2b662a77]" started-at="2018-09-13T12:15:16Z" name="incorrectFormate" data-provider="incorrectFormate" finished-at="2018-09-13T12:15:16Z" duration-ms="1" status="PASS">
          <params>
            <param index="0">
              <value>
                <![CDATA[very long string very long string very long string very long string very long string very long string very long string very long string very long string very long string very long string very long string very long string very long string very long string very long string very long string ]]>
              </value>
            </param>
          </params>
          <reporter-output>
          </reporter-output>
        </test-method> <!-- incorrectFormate -->
        <test-method signature="incorrectFormate(java.lang.String)[pri:0, instance:testNgTests@2b662a77]" started-at="2018-09-13T12:15:16Z" name="incorrectFormate" data-provider="incorrectFormate" finished-at="2018-09-13T12:15:16Z" duration-ms="0" status="PASS">
          <params>
            <param index="0">
              <value>
                <![CDATA[123.!]]>
              </value>
            </param>
          </params>
          <reporter-output>
          </reporter-output>
        </test-method> <!-- incorrectFormate -->
        <test-method signature="incorrectFormate(java.lang.String)[pri:0, instance:testNgTests@2b662a77]" started-at="2018-09-13T12:15:16Z" name="incorrectFormate" data-provider="incorrectFormate" finished-at="2018-09-13T12:15:16Z" duration-ms="0" status="PASS">
          <params>
            <param index="0">
              <value>
                <![CDATA[a]]>
              </value>
            </param>
          </params>
          <reporter-output>
          </reporter-output>
        </test-method> <!-- incorrectFormate -->
        <test-method signature="incorrectFormate(java.lang.String)[pri:0, instance:testNgTests@2b662a77]" started-at="2018-09-13T12:15:16Z" name="incorrectFormate" data-provider="incorrectFormate" finished-at="2018-09-13T12:15:16Z" duration-ms="0" status="PASS">
          <params>
            <param index="0">
              <value>
                <![CDATA[_100_]]>
              </value>
            </param>
          </params>
          <reporter-output>
          </reporter-output>
        </test-method> <!-- incorrectFormate -->
        <test-method signature="incorrectFormate(java.lang.String)[pri:0, instance:testNgTests@2b662a77]" started-at="2018-09-13T12:15:16Z" name="incorrectFormate" data-provider="incorrectFormate" finished-at="2018-09-13T12:15:16Z" duration-ms="0" status="PASS">
          <params>
            <param index="0">
              <value>
                <![CDATA[-2.3283064365386963E@10]]>
              </value>
            </param>
          </params>
          <reporter-output>
          </reporter-output>
        </test-method> <!-- incorrectFormate -->
        <test-method signature="incorrectFormate(java.lang.String)[pri:0, instance:testNgTests@2b662a77]" started-at="2018-09-13T12:15:16Z" name="incorrectFormate" data-provider="incorrectFormate" finished-at="2018-09-13T12:15:16Z" duration-ms="0" status="PASS">
          <params>
            <param index="0">
              <value>
                <![CDATA[1234567890..0]]>
              </value>
            </param>
          </params>
          <reporter-output>
          </reporter-output>
        </test-method> <!-- incorrectFormate -->
        <test-method signature="incorrectFormate(java.lang.String)[pri:0, instance:testNgTests@2b662a77]" started-at="2018-09-13T12:15:16Z" name="incorrectFormate" data-provider="incorrectFormate" finished-at="2018-09-13T12:15:16Z" duration-ms="0" status="PASS">
          <params>
            <param index="0">
              <value>
                <![CDATA[-2.ee-10]]>
              </value>
            </param>
          </params>
          <reporter-output>
          </reporter-output>
        </test-method> <!-- incorrectFormate -->
        <test-method signature="integer(java.lang.String, java.lang.String)[pri:0, instance:testNgTests@2b662a77]" started-at="2018-09-13T12:15:16Z" name="integer" data-provider="Integer" finished-at="2018-09-13T12:15:16Z" duration-ms="0" status="PASS">
          <params>
            <param index="0">
              <value>
                <![CDATA[4]]>
              </value>
            </param>
            <param index="1">
              <value>
                <![CDATA[0.25]]>
              </value>
            </param>
          </params>
          <reporter-output>
          </reporter-output>
        </test-method> <!-- integer -->
        <test-method signature="integer(java.lang.String, java.lang.String)[pri:0, instance:testNgTests@2b662a77]" started-at="2018-09-13T12:15:16Z" name="integer" data-provider="Integer" finished-at="2018-09-13T12:15:16Z" duration-ms="0" status="PASS">
          <params>
            <param index="0">
              <value>
                <![CDATA[1]]>
              </value>
            </param>
            <param index="1">
              <value>
                <![CDATA[1.0]]>
              </value>
            </param>
          </params>
          <reporter-output>
          </reporter-output>
        </test-method> <!-- integer -->
        <test-method signature="integer(java.lang.String, java.lang.String)[pri:0, instance:testNgTests@2b662a77]" started-at="2018-09-13T12:15:16Z" name="integer" data-provider="Integer" finished-at="2018-09-13T12:15:16Z" duration-ms="0" status="PASS">
          <params>
            <param index="0">
              <value>
                <![CDATA[2]]>
              </value>
            </param>
            <param index="1">
              <value>
                <![CDATA[0.5]]>
              </value>
            </param>
          </params>
          <reporter-output>
          </reporter-output>
        </test-method> <!-- integer -->
        <test-method signature="integer(java.lang.String, java.lang.String)[pri:0, instance:testNgTests@2b662a77]" started-at="2018-09-13T12:15:16Z" name="integer" data-provider="Integer" finished-at="2018-09-13T12:15:16Z" duration-ms="0" status="PASS">
          <params>
            <param index="0">
              <value>
                <![CDATA[8]]>
              </value>
            </param>
            <param index="1">
              <value>
                <![CDATA[0.125]]>
              </value>
            </param>
          </params>
          <reporter-output>
          </reporter-output>
        </test-method> <!-- integer -->
        <test-method signature="integer(java.lang.String, java.lang.String)[pri:0, instance:testNgTests@2b662a77]" started-at="2018-09-13T12:15:16Z" name="integer" data-provider="Integer" finished-at="2018-09-13T12:15:16Z" duration-ms="0" status="PASS">
          <params>
            <param index="0">
              <value>
                <![CDATA[64]]>
              </value>
            </param>
            <param index="1">
              <value>
                <![CDATA[0.015625]]>
              </value>
            </param>
          </params>
          <reporter-output>
          </reporter-output>
        </test-method> <!-- integer -->
        <test-method signature="integer(java.lang.String, java.lang.String)[pri:0, instance:testNgTests@2b662a77]" started-at="2018-09-13T12:15:16Z" name="integer" data-provider="Integer" finished-at="2018-09-13T12:15:16Z" duration-ms="0" status="PASS">
          <params>
            <param index="0">
              <value>
                <![CDATA[-32]]>
              </value>
            </param>
            <param index="1">
              <value>
                <![CDATA[-0.03125]]>
              </value>
            </param>
          </params>
          <reporter-output>
          </reporter-output>
        </test-method> <!-- integer -->
        <test-method signature="integer(java.lang.String, java.lang.String)[pri:0, instance:testNgTests@2b662a77]" started-at="2018-09-13T12:15:16Z" name="integer" data-provider="Integer" finished-at="2018-09-13T12:15:16Z" duration-ms="0" status="PASS">
          <params>
            <param index="0">
              <value>
                <![CDATA[-128]]>
              </value>
            </param>
            <param index="1">
              <value>
                <![CDATA[-0.0078125]]>
              </value>
            </param>
          </params>
          <reporter-output>
          </reporter-output>
        </test-method> <!-- integer -->
        <test-method signature="integer(java.lang.String, java.lang.String)[pri:0, instance:testNgTests@2b662a77]" started-at="2018-09-13T12:15:16Z" name="integer" data-provider="Integer" finished-at="2018-09-13T12:15:16Z" duration-ms="0" status="PASS">
          <params>
            <param index="0">
              <value>
                <![CDATA[256]]>
              </value>
            </param>
            <param index="1">
              <value>
                <![CDATA[0.00390625]]>
              </value>
            </param>
          </params>
          <reporter-output>
          </reporter-output>
        </test-method> <!-- integer -->
        <test-method signature="integer(java.lang.String, java.lang.String)[pri:0, instance:testNgTests@2b662a77]" started-at="2018-09-13T12:15:16Z" name="integer" data-provider="Integer" finished-at="2018-09-13T12:15:16Z" duration-ms="0" status="PASS">
          <params>
            <param index="0">
              <value>
                <![CDATA[-1.073741824E9]]>
              </value>
            </param>
            <param index="1">
              <value>
                <![CDATA[-9.313225746154785E-10]]>
              </value>
            </param>
          </params>
          <reporter-output>
          </reporter-output>
        </test-method> <!-- integer -->
        <test-method signature="integer(java.lang.String, java.lang.String)[pri:0, instance:testNgTests@2b662a77]" started-at="2018-09-13T12:15:16Z" name="integer" data-provider="Integer" finished-at="2018-09-13T12:15:16Z" duration-ms="0" status="PASS">
          <params>
            <param index="0">
              <value>
                <![CDATA[4.294967296E9]]>
              </value>
            </param>
            <param index="1">
              <value>
                <![CDATA[2.3283064365386963E-10]]>
              </value>
            </param>
          </params>
          <reporter-output>
          </reporter-output>
        </test-method> <!-- integer -->
        <test-method signature="integer(java.lang.String, java.lang.String)[pri:0, instance:testNgTests@2b662a77]" started-at="2018-09-13T12:15:16Z" name="integer" data-provider="Integer" finished-at="2018-09-13T12:15:16Z" duration-ms="0" status="PASS">
          <params>
            <param index="0">
              <value>
                <![CDATA[-1024]]>
              </value>
            </param>
            <param index="1">
              <value>
                <![CDATA[-9.765625E-4]]>
              </value>
            </param>
          </params>
          <reporter-output>
          </reporter-output>
        </test-method> <!-- integer -->
        <test-method signature="integer(java.lang.String, java.lang.String)[pri:0, instance:testNgTests@2b662a77]" started-at="2018-09-13T12:15:16Z" name="integer" data-provider="Integer" finished-at="2018-09-13T12:15:16Z" duration-ms="0" status="PASS">
          <params>
            <param index="0">
              <value>
                <![CDATA[1048576.0]]>
              </value>
            </param>
            <param index="1">
              <value>
                <![CDATA[9.5367431640625E-7]]>
              </value>
            </param>
          </params>
          <reporter-output>
          </reporter-output>
        </test-method> <!-- integer -->
        <test-method signature="negative(java.lang.String, java.lang.String)[pri:0, instance:testNgTests@2b662a77]" started-at="2018-09-13T12:15:16Z" name="negative" data-provider="knowIssue" finished-at="2018-09-13T12:15:16Z" duration-ms="0" status="PASS">
          <params>
            <param index="0">
              <value>
                <![CDATA[-9.9e308]]>
              </value>
            </param>
            <param index="1">
              <value>
                <![CDATA[-0.0]]>
              </value>
            </param>
          </params>
          <reporter-output>
          </reporter-output>
        </test-method> <!-- negative -->
        <test-method signature="integer(java.lang.String, java.lang.String)[pri:0, instance:testNgTests@2b662a77]" started-at="2018-09-13T12:15:16Z" name="integer" data-provider="Integer" finished-at="2018-09-13T12:15:16Z" duration-ms="0" status="PASS">
          <params>
            <param index="0">
              <value>
                <![CDATA[-4.294967296E9]]>
              </value>
            </param>
            <param index="1">
              <value>
                <![CDATA[-2.3283064365386963E-10]]>
              </value>
            </param>
          </params>
          <reporter-output>
          </reporter-output>
        </test-method> <!-- integer -->
        <test-method signature="shortTest(java.lang.String, java.lang.String)[pri:0, instance:testNgTests@2b662a77]" started-at="2018-09-13T12:15:16Z" name="shortTest" data-provider="Short" finished-at="2018-09-13T12:15:16Z" duration-ms="0" status="PASS">
          <params>
            <param index="0">
              <value>
                <![CDATA[32768]]>
              </value>
            </param>
            <param index="1">
              <value>
                <![CDATA[3.0517578125E-5]]>
              </value>
            </param>
          </params>
          <reporter-output>
          </reporter-output>
        </test-method> <!-- shortTest -->
        <test-method signature="shortTest(java.lang.String, java.lang.String)[pri:0, instance:testNgTests@2b662a77]" started-at="2018-09-13T12:15:16Z" name="shortTest" data-provider="Short" finished-at="2018-09-13T12:15:16Z" duration-ms="0" status="PASS">
          <params>
            <param index="0">
              <value>
                <![CDATA[32767]]>
              </value>
            </param>
            <param index="1">
              <value>
                <![CDATA[3.051850947599719E-5]]>
              </value>
            </param>
          </params>
          <reporter-output>
          </reporter-output>
        </test-method> <!-- shortTest -->
        <test-method signature="shortTest(java.lang.String, java.lang.String)[pri:0, instance:testNgTests@2b662a77]" started-at="2018-09-13T12:15:16Z" name="shortTest" data-provider="Short" finished-at="2018-09-13T12:15:16Z" duration-ms="0" status="PASS">
          <params>
            <param index="0">
              <value>
                <![CDATA[3.051850947599719E-5]]>
              </value>
            </param>
            <param index="1">
              <value>
                <![CDATA[32767.0]]>
              </value>
            </param>
          </params>
          <reporter-output>
          </reporter-output>
        </test-method> <!-- shortTest -->
        <test-method signature="shortTest(java.lang.String, java.lang.String)[pri:0, instance:testNgTests@2b662a77]" started-at="2018-09-13T12:15:16Z" name="shortTest" data-provider="Short" finished-at="2018-09-13T12:15:16Z" duration-ms="0" status="PASS">
          <params>
            <param index="0">
              <value>
                <![CDATA[3.0517578125E-5]]>
              </value>
            </param>
            <param index="1">
              <value>
                <![CDATA[32768.0]]>
              </value>
            </param>
          </params>
          <reporter-output>
          </reporter-output>
        </test-method> <!-- shortTest -->
        <test-method signature="zero(java.lang.String, java.lang.String)[pri:0, instance:testNgTests@2b662a77]" started-at="2018-09-13T12:15:16Z" name="zero" data-provider="Zero" finished-at="2018-09-13T12:15:16Z" duration-ms="0" status="PASS">
          <params>
            <param index="0">
              <value>
                <![CDATA[0]]>
              </value>
            </param>
            <param index="1">
              <value>
                <![CDATA[Infinity]]>
              </value>
            </param>
          </params>
          <reporter-output>
          </reporter-output>
        </test-method> <!-- zero -->
        <test-method signature="zero(java.lang.String, java.lang.String)[pri:0, instance:testNgTests@2b662a77]" started-at="2018-09-13T12:15:16Z" name="zero" data-provider="Zero" finished-at="2018-09-13T12:15:16Z" duration-ms="0" status="PASS">
          <params>
            <param index="0">
              <value>
                <![CDATA[0.0]]>
              </value>
            </param>
            <param index="1">
              <value>
                <![CDATA[Infinity]]>
              </value>
            </param>
          </params>
          <reporter-output>
          </reporter-output>
        </test-method> <!-- zero -->
        <test-method signature="zero(java.lang.String, java.lang.String)[pri:0, instance:testNgTests@2b662a77]" started-at="2018-09-13T12:15:16Z" name="zero" data-provider="Zero" finished-at="2018-09-13T12:15:16Z" duration-ms="0" status="PASS">
          <params>
            <param index="0">
              <value>
                <![CDATA[0E0]]>
              </value>
            </param>
            <param index="1">
              <value>
                <![CDATA[Infinity]]>
              </value>
            </param>
          </params>
          <reporter-output>
          </reporter-output>
        </test-method> <!-- zero -->
        <test-method signature="zero(java.lang.String, java.lang.String)[pri:0, instance:testNgTests@2b662a77]" started-at="2018-09-13T12:15:16Z" name="zero" data-provider="Zero" finished-at="2018-09-13T12:15:16Z" duration-ms="0" status="PASS">
          <params>
            <param index="0">
              <value>
                <![CDATA[0.0E0]]>
              </value>
            </param>
            <param index="1">
              <value>
                <![CDATA[Infinity]]>
              </value>
            </param>
          </params>
          <reporter-output>
          </reporter-output>
        </test-method> <!-- zero -->
      </class> <!-- testNgTests -->
    </test> <!-- test1 -->
    <test started-at="2018-09-13T09:15:16Z" name="test2" finished-at="2018-09-13T09:15:16Z" duration-ms="0">
    </test> <!-- test2 -->
  </suite> <!-- Suite1 -->
</testng-results>
