<?xml version="1.0" encoding="UTF-8"?>
<testng-results total="32" passed="32" failed="0" skipped="0">
  <reporter-output>
  </reporter-output>
  <suite started-at="2018-09-13T19:08:58Z" name="Suite1" finished-at="2018-09-13T19:08:59Z" duration-ms="129">
    <groups>
      <group name="1">
        <method signature="testNgTests.integer(java.lang.String, java.lang.String)[pri:0, instance:testNgTests@131774fe]" name="integer" class="testNgTests"/>
        <method signature="testNgTests.shortTest(java.lang.String, java.lang.String)[pri:0, instance:testNgTests@131774fe]" name="shortTest" class="testNgTests"/>
        <method signature="testNgTests.zero(java.lang.String, java.lang.String)[pri:0, instance:testNgTests@131774fe]" name="zero" class="testNgTests"/>
      </group> <!-- 1 -->
      <group name="2">
        <method signature="testNgTests.exponentFormat(java.lang.String, java.lang.String)[pri:0, instance:testNgTests@131774fe]" name="exponentFormat" class="testNgTests"/>
        <method signature="testNgTests.floatFormat(java.lang.String, java.lang.String)[pri:0, instance:testNgTests@131774fe]" name="floatFormat" class="testNgTests"/>
        <method signature="testNgTests.incorrectFormat(java.lang.String)[pri:0, instance:testNgTests@131774fe]" name="incorrectFormat" class="testNgTests"/>
      </group> <!-- 2 -->
      <group name="3">
        <method signature="testNgTests.extremeValues(java.lang.String, java.lang.String)[pri:0, instance:testNgTests@131774fe]" name="extremeValues" class="testNgTests"/>
        <method signature="testNgTests.negative(java.lang.String, java.lang.String)[pri:0, instance:testNgTests@131774fe]" name="negative" class="testNgTests"/>
      </group> <!-- 3 -->
    </groups>
    <test started-at="2018-09-13T19:08:58Z" name="test1" finished-at="2018-09-13T19:08:58Z" duration-ms="37">
      <class name="testNgTests">
        <test-method signature="exponentFormat(java.lang.String, java.lang.String)[pri:0, instance:testNgTests@131774fe]" started-at="2018-09-13T22:08:58Z" name="exponentFormat" data-provider="ExponentFormat" finished-at="2018-09-13T22:08:58Z" duration-ms="7" status="PASS">
          <params>
            <param index="0">
              <value>
                <![CDATA[1e1]]>
              </value>
            </param>
            <param index="1">
              <value>
                <![CDATA[0.1]]>
              </value>
            </param>
          </params>
          <reporter-output>
          </reporter-output>
        </test-method> <!-- exponentFormat -->
        <test-method signature="exponentFormat(java.lang.String, java.lang.String)[pri:0, instance:testNgTests@131774fe]" started-at="2018-09-13T22:08:58Z" name="exponentFormat" data-provider="ExponentFormat" finished-at="2018-09-13T22:08:58Z" duration-ms="0" status="PASS">
          <params>
            <param index="0">
              <value>
                <![CDATA[1.0E10]]>
              </value>
            </param>
            <param index="1">
              <value>
                <![CDATA[1.0E-10]]>
              </value>
            </param>
          </params>
          <reporter-output>
          </reporter-output>
        </test-method> <!-- exponentFormat -->
        <test-method signature="exponentFormat(java.lang.String, java.lang.String)[pri:0, instance:testNgTests@131774fe]" started-at="2018-09-13T22:08:58Z" name="exponentFormat" data-provider="ExponentFormat" finished-at="2018-09-13T22:08:58Z" duration-ms="0" status="PASS">
          <params>
            <param index="0">
              <value>
                <![CDATA[1E01]]>
              </value>
            </param>
            <param index="1">
              <value>
                <![CDATA[0.1]]>
              </value>
            </param>
          </params>
          <reporter-output>
          </reporter-output>
        </test-method> <!-- exponentFormat -->
        <test-method signature="exponentFormat(java.lang.String, java.lang.String)[pri:0, instance:testNgTests@131774fe]" started-at="2018-09-13T22:08:58Z" name="exponentFormat" data-provider="ExponentFormat" finished-at="2018-09-13T22:08:58Z" duration-ms="1" status="PASS">
          <params>
            <param index="0">
              <value>
                <![CDATA[1.0E-100]]>
              </value>
            </param>
            <param index="1">
              <value>
                <![CDATA[1.0E100]]>
              </value>
            </param>
          </params>
          <reporter-output>
          </reporter-output>
        </test-method> <!-- exponentFormat -->
        <test-method signature="extremeValues(java.lang.String, java.lang.String)[pri:0, instance:testNgTests@131774fe]" started-at="2018-09-13T22:08:58Z" name="extremeValues" data-provider="ExtremeValues" finished-at="2018-09-13T22:08:58Z" duration-ms="1" status="PASS">
          <params>
            <param index="0">
              <value>
                <![CDATA[1.0E1000]]>
              </value>
            </param>
            <param index="1">
              <value>
                <![CDATA[0.0]]>
              </value>
            </param>
          </params>
          <reporter-output>
          </reporter-output>
        </test-method> <!-- extremeValues -->
        <test-method signature="extremeValues(java.lang.String, java.lang.String)[pri:0, instance:testNgTests@131774fe]" started-at="2018-09-13T22:08:58Z" name="extremeValues" data-provider="ExtremeValues" finished-at="2018-09-13T22:08:58Z" duration-ms="0" status="PASS">
          <params>
            <param index="0">
              <value>
                <![CDATA[1.0E-1000]]>
              </value>
            </param>
            <param index="1">
              <value>
                <![CDATA[Infinity]]>
              </value>
            </param>
          </params>
          <reporter-output>
          </reporter-output>
        </test-method> <!-- extremeValues -->
        <test-method signature="extremeValues(java.lang.String, java.lang.String)[pri:0, instance:testNgTests@131774fe]" started-at="2018-09-13T22:08:58Z" name="extremeValues" data-provider="ExtremeValues" finished-at="2018-09-13T22:08:58Z" duration-ms="0" status="PASS">
          <params>
            <param index="0">
              <value>
                <![CDATA[1.0E309]]>
              </value>
            </param>
            <param index="1">
              <value>
                <![CDATA[0.0]]>
              </value>
            </param>
          </params>
          <reporter-output>
          </reporter-output>
        </test-method> <!-- extremeValues -->
        <test-method signature="extremeValues(java.lang.String, java.lang.String)[pri:0, instance:testNgTests@131774fe]" started-at="2018-09-13T22:08:58Z" name="extremeValues" data-provider="ExtremeValues" finished-at="2018-09-13T22:08:58Z" duration-ms="0" status="PASS">
          <params>
            <param index="0">
              <value>
                <![CDATA[1.0E308]]>
              </value>
            </param>
            <param index="1">
              <value>
                <![CDATA[1.0E-308]]>
              </value>
            </param>
          </params>
          <reporter-output>
          </reporter-output>
        </test-method> <!-- extremeValues -->
        <test-method signature="floatFormat(java.lang.String, java.lang.String)[pri:0, instance:testNgTests@131774fe]" started-at="2018-09-13T22:08:58Z" name="floatFormat" data-provider="FloatFormat" finished-at="2018-09-13T22:08:58Z" duration-ms="1" status="PASS">
          <params>
            <param index="0">
              <value>
                <![CDATA[9.9]]>
              </value>
            </param>
            <param index="1">
              <value>
                <![CDATA[0.10101010101010101]]>
              </value>
            </param>
          </params>
          <reporter-output>
          </reporter-output>
        </test-method> <!-- floatFormat -->
        <test-method signature="floatFormat(java.lang.String, java.lang.String)[pri:0, instance:testNgTests@131774fe]" started-at="2018-09-13T22:08:58Z" name="floatFormat" data-provider="FloatFormat" finished-at="2018-09-13T22:08:58Z" duration-ms="0" status="PASS">
          <params>
            <param index="0">
              <value>
                <![CDATA[1.]]>
              </value>
            </param>
            <param index="1">
              <value>
                <![CDATA[1.0]]>
              </value>
            </param>
          </params>
          <reporter-output>
          </reporter-output>
        </test-method> <!-- floatFormat -->
        <test-method signature="floatFormat(java.lang.String, java.lang.String)[pri:0, instance:testNgTests@131774fe]" started-at="2018-09-13T22:08:58Z" name="floatFormat" data-provider="FloatFormat" finished-at="2018-09-13T22:08:58Z" duration-ms="0" status="PASS">
          <params>
            <param index="0">
              <value>
                <![CDATA[.9]]>
              </value>
            </param>
            <param index="1">
              <value>
                <![CDATA[1.1111111111111112]]>
              </value>
            </param>
          </params>
          <reporter-output>
          </reporter-output>
        </test-method> <!-- floatFormat -->
        <test-method signature="incorrectFormat(java.lang.String)[pri:0, instance:testNgTests@131774fe]" started-at="2018-09-13T22:08:58Z" name="incorrectFormat" data-provider="IncorrectFormat" finished-at="2018-09-13T22:08:58Z" duration-ms="0" status="PASS">
          <params>
            <param index="0">
              <value>
                <![CDATA[]]>
              </value>
            </param>
          </params>
          <reporter-output>
          </reporter-output>
        </test-method> <!-- incorrectFormat -->
        <test-method signature="incorrectFormat(java.lang.String)[pri:0, instance:testNgTests@131774fe]" started-at="2018-09-13T22:08:58Z" name="incorrectFormat" data-provider="IncorrectFormat" finished-at="2018-09-13T22:08:58Z" duration-ms="0" status="PASS">
          <params>
            <param index="0">
              <value>
                <![CDATA[a]]>
              </value>
            </param>
          </params>
          <reporter-output>
          </reporter-output>
        </test-method> <!-- incorrectFormat -->
        <test-method signature="incorrectFormat(java.lang.String)[pri:0, instance:testNgTests@131774fe]" started-at="2018-09-13T22:08:58Z" name="incorrectFormat" data-provider="IncorrectFormat" finished-at="2018-09-13T22:08:58Z" duration-ms="1" status="PASS">
          <params>
            <param index="0">
              <value>
                <![CDATA[!@#$%^&*()]]>
              </value>
            </param>
          </params>
          <reporter-output>
          </reporter-output>
        </test-method> <!-- incorrectFormat -->
        <test-method signature="incorrectFormat(java.lang.String)[pri:0, instance:testNgTests@131774fe]" started-at="2018-09-13T22:08:58Z" name="incorrectFormat" data-provider="IncorrectFormat" finished-at="2018-09-13T22:08:58Z" duration-ms="1" status="PASS">
          <params>
            <param index="0">
              <value>
                <![CDATA[-2.3283064365386963E@10]]>
              </value>
            </param>
          </params>
          <reporter-output>
          </reporter-output>
        </test-method> <!-- incorrectFormat -->
        <test-method signature="incorrectFormat(java.lang.String)[pri:0, instance:testNgTests@131774fe]" started-at="2018-09-13T22:08:58Z" name="incorrectFormat" data-provider="IncorrectFormat" finished-at="2018-09-13T22:08:58Z" duration-ms="0" status="PASS">
          <params>
            <param index="0">
              <value>
                <![CDATA[1234567890..0]]>
              </value>
            </param>
          </params>
          <reporter-output>
          </reporter-output>
        </test-method> <!-- incorrectFormat -->
        <test-method signature="incorrectFormat(java.lang.String)[pri:0, instance:testNgTests@131774fe]" started-at="2018-09-13T22:08:58Z" name="incorrectFormat" data-provider="IncorrectFormat" finished-at="2018-09-13T22:08:58Z" duration-ms="0" status="PASS">
          <params>
            <param index="0">
              <value>
                <![CDATA[very long string very long string very long string very long string very long string very long string very long string very long string very long string very long string very long string very long string very long string very long string very long string very long string very long string ]]>
              </value>
            </param>
          </params>
          <reporter-output>
          </reporter-output>
        </test-method> <!-- incorrectFormat -->
        <test-method signature="incorrectFormat(java.lang.String)[pri:0, instance:testNgTests@131774fe]" started-at="2018-09-13T22:08:58Z" name="incorrectFormat" data-provider="IncorrectFormat" finished-at="2018-09-13T22:08:58Z" duration-ms="0" status="PASS">
          <params>
            <param index="0">
              <value>
                <![CDATA[-2.ee-10]]>
              </value>
            </param>
          </params>
          <reporter-output>
          </reporter-output>
        </test-method> <!-- incorrectFormat -->
        <test-method signature="integer(java.lang.String, java.lang.String)[pri:0, instance:testNgTests@131774fe]" started-at="2018-09-13T22:08:58Z" name="integer" data-provider="Integer" finished-at="2018-09-13T22:08:58Z" duration-ms="1" status="PASS">
          <params>
            <param index="0">
              <value>
                <![CDATA[1]]>
              </value>
            </param>
            <param index="1">
              <value>
                <![CDATA[1.0]]>
              </value>
            </param>
          </params>
          <reporter-output>
          </reporter-output>
        </test-method> <!-- integer -->
        <test-method signature="integer(java.lang.String, java.lang.String)[pri:0, instance:testNgTests@131774fe]" started-at="2018-09-13T22:08:58Z" name="integer" data-provider="Integer" finished-at="2018-09-13T22:08:58Z" duration-ms="0" status="PASS">
          <params>
            <param index="0">
              <value>
                <![CDATA[-128]]>
              </value>
            </param>
            <param index="1">
              <value>
                <![CDATA[-0.0078125]]>
              </value>
            </param>
          </params>
          <reporter-output>
          </reporter-output>
        </test-method> <!-- integer -->
        <test-method signature="integer(java.lang.String, java.lang.String)[pri:0, instance:testNgTests@131774fe]" started-at="2018-09-13T22:08:58Z" name="integer" data-provider="Integer" finished-at="2018-09-13T22:08:58Z" duration-ms="1" status="PASS">
          <params>
            <param index="0">
              <value>
                <![CDATA[1048576.0]]>
              </value>
            </param>
            <param index="1">
              <value>
                <![CDATA[9.5367431640625E-7]]>
              </value>
            </param>
          </params>
          <reporter-output>
          </reporter-output>
        </test-method> <!-- integer -->
        <test-method signature="integer(java.lang.String, java.lang.String)[pri:0, instance:testNgTests@131774fe]" started-at="2018-09-13T22:08:58Z" name="integer" data-provider="Integer" finished-at="2018-09-13T22:08:58Z" duration-ms="0" status="PASS">
          <params>
            <param index="0">
              <value>
                <![CDATA[-1.073741824E9]]>
              </value>
            </param>
            <param index="1">
              <value>
                <![CDATA[-9.313225746154785E-10]]>
              </value>
            </param>
          </params>
          <reporter-output>
          </reporter-output>
        </test-method> <!-- integer -->
        <test-method signature="integer(java.lang.String, java.lang.String)[pri:0, instance:testNgTests@131774fe]" started-at="2018-09-13T22:08:58Z" name="integer" data-provider="Integer" finished-at="2018-09-13T22:08:58Z" duration-ms="0" status="PASS">
          <params>
            <param index="0">
              <value>
                <![CDATA[-4.294967296E9]]>
              </value>
            </param>
            <param index="1">
              <value>
                <![CDATA[-2.3283064365386963E-10]]>
              </value>
            </param>
          </params>
          <reporter-output>
          </reporter-output>
        </test-method> <!-- integer -->
        <test-method signature="negative(java.lang.String, java.lang.String)[pri:0, instance:testNgTests@131774fe]" started-at="2018-09-13T22:08:58Z" name="negative" data-provider="KnownIssues" finished-at="2018-09-13T22:08:58Z" duration-ms="0" status="PASS">
          <params>
            <param index="0">
              <value>
                <![CDATA[-9.9e308]]>
              </value>
            </param>
            <param index="1">
              <value>
                <![CDATA[-0.0]]>
              </value>
            </param>
          </params>
          <reporter-output>
          </reporter-output>
        </test-method> <!-- negative -->
        <test-method signature="shortTest(java.lang.String, java.lang.String)[pri:0, instance:testNgTests@131774fe]" started-at="2018-09-13T22:08:58Z" name="shortTest" data-provider="Short" finished-at="2018-09-13T22:08:58Z" duration-ms="0" status="PASS">
          <params>
            <param index="0">
              <value>
                <![CDATA[32768]]>
              </value>
            </param>
            <param index="1">
              <value>
                <![CDATA[3.0517578125E-5]]>
              </value>
            </param>
          </params>
          <reporter-output>
          </reporter-output>
        </test-method> <!-- shortTest -->
        <test-method signature="shortTest(java.lang.String, java.lang.String)[pri:0, instance:testNgTests@131774fe]" started-at="2018-09-13T22:08:58Z" name="shortTest" data-provider="Short" finished-at="2018-09-13T22:08:58Z" duration-ms="0" status="PASS">
          <params>
            <param index="0">
              <value>
                <![CDATA[32767]]>
              </value>
            </param>
            <param index="1">
              <value>
                <![CDATA[3.051850947599719E-5]]>
              </value>
            </param>
          </params>
          <reporter-output>
          </reporter-output>
        </test-method> <!-- shortTest -->
        <test-method signature="shortTest(java.lang.String, java.lang.String)[pri:0, instance:testNgTests@131774fe]" started-at="2018-09-13T22:08:58Z" name="shortTest" data-provider="Short" finished-at="2018-09-13T22:08:58Z" duration-ms="0" status="PASS">
          <params>
            <param index="0">
              <value>
                <![CDATA[3.0517578125E-5]]>
              </value>
            </param>
            <param index="1">
              <value>
                <![CDATA[32768.0]]>
              </value>
            </param>
          </params>
          <reporter-output>
          </reporter-output>
        </test-method> <!-- shortTest -->
        <test-method signature="shortTest(java.lang.String, java.lang.String)[pri:0, instance:testNgTests@131774fe]" started-at="2018-09-13T22:08:58Z" name="shortTest" data-provider="Short" finished-at="2018-09-13T22:08:58Z" duration-ms="0" status="PASS">
          <params>
            <param index="0">
              <value>
                <![CDATA[3.051850947599719E-5]]>
              </value>
            </param>
            <param index="1">
              <value>
                <![CDATA[32767.0]]>
              </value>
            </param>
          </params>
          <reporter-output>
          </reporter-output>
        </test-method> <!-- shortTest -->
        <test-method signature="zero(java.lang.String, java.lang.String)[pri:0, instance:testNgTests@131774fe]" started-at="2018-09-13T22:08:58Z" name="zero" data-provider="Zero" finished-at="2018-09-13T22:08:58Z" duration-ms="0" status="PASS">
          <params>
            <param index="0">
              <value>
                <![CDATA[0]]>
              </value>
            </param>
            <param index="1">
              <value>
                <![CDATA[Infinity]]>
              </value>
            </param>
          </params>
          <reporter-output>
          </reporter-output>
        </test-method> <!-- zero -->
        <test-method signature="zero(java.lang.String, java.lang.String)[pri:0, instance:testNgTests@131774fe]" started-at="2018-09-13T22:08:58Z" name="zero" data-provider="Zero" finished-at="2018-09-13T22:08:58Z" duration-ms="1" status="PASS">
          <params>
            <param index="0">
              <value>
                <![CDATA[0.0E0]]>
              </value>
            </param>
            <param index="1">
              <value>
                <![CDATA[Infinity]]>
              </value>
            </param>
          </params>
          <reporter-output>
          </reporter-output>
        </test-method> <!-- zero -->
        <test-method signature="zero(java.lang.String, java.lang.String)[pri:0, instance:testNgTests@131774fe]" started-at="2018-09-13T22:08:58Z" name="zero" data-provider="Zero" finished-at="2018-09-13T22:08:58Z" duration-ms="0" status="PASS">
          <params>
            <param index="0">
              <value>
                <![CDATA[0.0]]>
              </value>
            </param>
            <param index="1">
              <value>
                <![CDATA[Infinity]]>
              </value>
            </param>
          </params>
          <reporter-output>
          </reporter-output>
        </test-method> <!-- zero -->
        <test-method signature="zero(java.lang.String, java.lang.String)[pri:0, instance:testNgTests@131774fe]" started-at="2018-09-13T22:08:58Z" name="zero" data-provider="Zero" finished-at="2018-09-13T22:08:58Z" duration-ms="0" status="PASS">
          <params>
            <param index="0">
              <value>
                <![CDATA[0E0]]>
              </value>
            </param>
            <param index="1">
              <value>
                <![CDATA[Infinity]]>
              </value>
            </param>
          </params>
          <reporter-output>
          </reporter-output>
        </test-method> <!-- zero -->
      </class> <!-- testNgTests -->
    </test> <!-- test1 -->
    <test started-at="2018-09-13T19:08:59Z" name="test2" finished-at="2018-09-13T19:08:59Z" duration-ms="0">
    </test> <!-- test2 -->
  </suite> <!-- Suite1 -->
</testng-results>
